<?xml version="1.0" encoding="UTF-8"?>
<!-- Generated by org.testng.reporters.JUnitReportReporter -->
<testsuite hostname="LAPTOP-PL7FQPIV" failures="0" tests="1" name="TestBase.NewTest" time="0.006" errors="0" timestamp="2021-04-13T17:21:28 PDT" skipped="0">
  <testcase classname="TestBase.NewTest" name="f" time="0.006"/>
  <system-out/>
</testsuite> <!-- TestBase.NewTest -->
