<?xml version="1.0" encoding="UTF-8"?>
<!-- Generated by org.testng.reporters.JUnitReportReporter -->
<testsuite hostname="LAPTOP-PL7FQPIV" failures="0" tests="1" name="HeadersTest.HeaderTest" time="6.645" errors="0" timestamp="2021-04-13T17:39:54 PDT" skipped="0">
  <testcase classname="HeadersTest.HeaderTest" name="verifyHeaderLogo" time="6.645"/>
  <system-out/>
</testsuite> <!-- HeadersTest.HeaderTest -->
